[2017-09-03 07:13:42] request.INFO: Matched route "admin_module_catalog". {"route_parameters":{"_controller":"PrestaShopBundle\\Controller\\Admin\\ModuleController::catalogAction","_legacy_controller":"AdminModules","_route":"admin_module_catalog"},"request_uri":"http://faynimaneli2.local:8888/admin1795k6wof/index.php/module/catalog?_token=7sCWuwLGit9Sf6RHHSwPzuagQ8S_BOmv6sYRfWVAWlI"} []
[2017-09-03 07:13:42] security.DEBUG: Read existing security token from the session. {"key":"_security_main"} []
[2017-09-03 07:13:42] security.DEBUG: User was reloaded from a user provider. {"username":"maksym.bodnar@gmail.com","provider":"PrestaShopBundle\\Security\\Admin\\EmployeeProvider"} []
[2017-09-03 07:13:48] app.ERROR: Data from PrestaShop Addons is invalid, and cannot fallback on cache.  {"exception":"cURL error 28: Operation timed out after 5003 milliseconds with 0 bytes received"} []
[2017-09-03 07:13:50] security.DEBUG: Stored the security token in the session. {"key":"_security_main"} []
[2017-09-08 05:43:37] request.INFO: Matched route "admin_module_catalog". {"route_parameters":{"_controller":"PrestaShopBundle\\Controller\\Admin\\ModuleController::catalogAction","_legacy_controller":"AdminModules","_route":"admin_module_catalog"},"request_uri":"http://faynimaneli2.local:8888/admin1795k6wof/index.php/module/catalog?_token=1SVBIk83oz1qLInHmSAoDm6uWiNhEs793Zdpspq8Q7Y"} []
[2017-09-08 05:43:37] security.DEBUG: Read existing security token from the session. {"key":"_security_main"} []
[2017-09-08 05:43:37] security.DEBUG: User was reloaded from a user provider. {"username":"maksym.bodnar@gmail.com","provider":"PrestaShopBundle\\Security\\Admin\\EmployeeProvider"} []
[2017-09-08 05:43:43] app.ERROR: Data from PrestaShop Addons is invalid, and cannot fallback on cache.  {"exception":"cURL error 28: Operation timed out after 5005 milliseconds with 0 bytes received"} []
[2017-09-08 05:43:45] security.DEBUG: Stored the security token in the session. {"key":"_security_main"} []
[2017-09-25 04:59:03] request.INFO: Matched route "admin_module_catalog". {"route_parameters":{"_controller":"PrestaShopBundle\\Controller\\Admin\\ModuleController::catalogAction","_legacy_controller":"AdminModules","_route":"admin_module_catalog"},"request_uri":"http://faynimaneli2.local:8888/admin1795k6wof/index.php/module/catalog?_token=9TKGOTjWYosKpnCtRWf3cHZhiY3COdg5RE_97ItBNmI"} []
[2017-09-25 04:59:03] security.DEBUG: Read existing security token from the session. {"key":"_security_main"} []
[2017-09-25 04:59:03] security.DEBUG: User was reloaded from a user provider. {"username":"maksym.bodnar@gmail.com","provider":"PrestaShopBundle\\Security\\Admin\\EmployeeProvider"} []
[2017-09-25 04:59:08] app.ERROR: Data from PrestaShop Addons is invalid, and cannot fallback on cache.  {"exception":"cURL error 28: Operation timed out after 5001 milliseconds with 0 bytes received"} []
[2017-09-25 05:00:09] request.INFO: Matched route "admin_module_catalog". {"route_parameters":{"_controller":"PrestaShopBundle\\Controller\\Admin\\ModuleController::catalogAction","_legacy_controller":"AdminModules","_route":"admin_module_catalog"},"request_uri":"http://faynimaneli2.local:8888/admin1795k6wof/index.php/module/catalog?_token=9TKGOTjWYosKpnCtRWf3cHZhiY3COdg5RE_97ItBNmI"} []
[2017-09-25 05:00:09] security.DEBUG: Read existing security token from the session. {"key":"_security_main"} []
[2017-09-25 05:00:09] security.DEBUG: User was reloaded from a user provider. {"username":"maksym.bodnar@gmail.com","provider":"PrestaShopBundle\\Security\\Admin\\EmployeeProvider"} []
[2017-09-25 05:00:15] app.ERROR: Data from PrestaShop Addons is invalid, and cannot fallback on cache.  {"exception":"cURL error 28: Operation timed out after 5000 milliseconds with 66265 bytes received"} []
[2017-09-25 05:00:17] security.DEBUG: Stored the security token in the session. {"key":"_security_main"} []
[2017-09-30 05:55:47] request.INFO: Matched route "admin_module_catalog". {"route_parameters":{"_controller":"PrestaShopBundle\\Controller\\Admin\\ModuleController::catalogAction","_legacy_controller":"AdminModules","_route":"admin_module_catalog"},"request_uri":"http://faynimaneli2.local:8888/admin1795k6wof/index.php/module/catalog?_token=IPjqYb33WTmDe3Vzm2u66r8k9a0N8UkAXvI40lMlZr4"} []
[2017-09-30 05:55:47] security.INFO: Populated the TokenStorage with an anonymous Token. [] []
[2017-09-30 05:55:53] app.ERROR: Data from PrestaShop Addons is invalid, and cannot fallback on cache.  {"exception":"cURL error 28: Operation timed out after 5003 milliseconds with 0 bytes received"} []
[2017-09-30 05:55:55] security.DEBUG: Stored the security token in the session. {"key":"_security_main"} []
[2017-10-02 03:58:58] request.INFO: Matched route "admin_module_catalog". {"route_parameters":{"_controller":"PrestaShopBundle\\Controller\\Admin\\ModuleController::catalogAction","_legacy_controller":"AdminModules","_route":"admin_module_catalog"},"request_uri":"http://faynimaneli2.local:8888/admin1795k6wof/index.php/module/catalog?_token=PXjtUdS5IIOXMD1MA-NNoQqH9tFyYMuDhYqknQxC9es"} []
[2017-10-02 03:58:58] security.INFO: Populated the TokenStorage with an anonymous Token. [] []
[2017-10-02 03:59:04] app.ERROR: Data from PrestaShop Addons is invalid, and cannot fallback on cache.  {"exception":"cURL error 28: Operation timed out after 5003 milliseconds with 0 bytes received"} []
[2017-10-02 03:59:05] security.DEBUG: Stored the security token in the session. {"key":"_security_main"} []
[2017-10-02 03:59:06] request.INFO: Matched route "admin_module_catalog_refresh". {"route_parameters":{"category":null,"keyword":null,"_controller":"PrestaShopBundle\\Controller\\Admin\\ModuleController::refreshCatalogAction","_legacy_controller":"AdminModules","_route":"admin_module_catalog_refresh"},"request_uri":"http://faynimaneli2.local:8888/admin1795k6wof/index.php/module/catalog/refresh?_token=PXjtUdS5IIOXMD1MA-NNoQqH9tFyYMuDhYqknQxC9es"} []
[2017-10-02 03:59:06] security.DEBUG: Read existing security token from the session. {"key":"_security_main"} []
[2017-10-02 03:59:06] security.DEBUG: User was reloaded from a user provider. {"username":"maksym.bodnar@gmail.com","provider":"PrestaShopBundle\\Security\\Admin\\EmployeeProvider"} []
[2017-10-02 03:59:12] app.ERROR: Data from PrestaShop Addons is invalid, and cannot fallback on cache.  {"exception":"cURL error 28: Operation timed out after 5002 milliseconds with 0 bytes received"} []
[2017-10-02 03:59:15] security.DEBUG: Stored the security token in the session. {"key":"_security_main"} []
[2017-10-03 04:20:46] request.INFO: Matched route "admin_module_catalog". {"route_parameters":{"_controller":"PrestaShopBundle\\Controller\\Admin\\ModuleController::catalogAction","_legacy_controller":"AdminModules","_route":"admin_module_catalog"},"request_uri":"http://faynimaneli2.local:8888/admin1795k6wof/index.php/module/catalog?_token=BvwVWgqkQKMg5GST4IGqrxUDvxCgD-J1HZl7rxf-A1I"} []
[2017-10-03 04:20:46] security.DEBUG: Read existing security token from the session. {"key":"_security_main"} []
[2017-10-03 04:20:46] security.DEBUG: User was reloaded from a user provider. {"username":"maksym.bodnar@gmail.com","provider":"PrestaShopBundle\\Security\\Admin\\EmployeeProvider"} []
[2017-10-03 04:20:52] app.ERROR: Data from PrestaShop Addons is invalid, and cannot fallback on cache.  {"exception":"cURL error 28: Operation timed out after 5003 milliseconds with 0 bytes received"} []
[2017-10-03 04:20:53] security.DEBUG: Stored the security token in the session. {"key":"_security_main"} []
[2017-10-04 05:17:36] request.INFO: Matched route "admin_module_catalog". {"route_parameters":{"_controller":"PrestaShopBundle\\Controller\\Admin\\ModuleController::catalogAction","_legacy_controller":"AdminModules","_route":"admin_module_catalog"},"request_uri":"http://faynimaneli2.local:8888/admin1795k6wof/index.php/module/catalog?_token=mx0werHN37Cju13n1-CoSf6M3zlnIrYyziURxiwQQ5w"} []
[2017-10-04 05:17:36] security.INFO: Populated the TokenStorage with an anonymous Token. [] []
[2017-10-04 05:17:41] app.ERROR: Data from PrestaShop Addons is invalid, and cannot fallback on cache.  {"exception":"cURL error 28: Operation timed out after 5002 milliseconds with 0 bytes received"} []
[2017-10-04 05:17:42] security.DEBUG: Stored the security token in the session. {"key":"_security_main"} []
[2017-10-04 05:17:44] request.INFO: Matched route "admin_module_catalog_refresh". {"route_parameters":{"category":null,"keyword":null,"_controller":"PrestaShopBundle\\Controller\\Admin\\ModuleController::refreshCatalogAction","_legacy_controller":"AdminModules","_route":"admin_module_catalog_refresh"},"request_uri":"http://faynimaneli2.local:8888/admin1795k6wof/index.php/module/catalog/refresh?_token=mx0werHN37Cju13n1-CoSf6M3zlnIrYyziURxiwQQ5w"} []
[2017-10-04 05:17:44] security.DEBUG: Read existing security token from the session. {"key":"_security_main"} []
[2017-10-04 05:17:44] security.DEBUG: User was reloaded from a user provider. {"username":"maksym.bodnar@gmail.com","provider":"PrestaShopBundle\\Security\\Admin\\EmployeeProvider"} []
[2017-10-04 05:17:50] app.ERROR: Data from PrestaShop Addons is invalid, and cannot fallback on cache.  {"exception":"cURL error 28: Operation timed out after 5003 milliseconds with 0 bytes received"} []
[2017-10-04 05:17:52] security.DEBUG: Stored the security token in the session. {"key":"_security_main"} []
[2017-10-06 04:28:27] request.INFO: Matched route "admin_module_catalog". {"route_parameters":{"_controller":"PrestaShopBundle\\Controller\\Admin\\ModuleController::catalogAction","_legacy_controller":"AdminModules","_route":"admin_module_catalog"},"request_uri":"http://faynimaneli2.local:8888/admin1795k6wof/index.php/module/catalog?_token=Y_8-PqAzGY4JamvkHEicvO-QqZRQJdHhEk88js_wJ-E"} []
[2017-10-06 04:28:27] security.INFO: Populated the TokenStorage with an anonymous Token. [] []
[2017-10-06 04:28:33] app.ERROR: Data from PrestaShop Addons is invalid, and cannot fallback on cache.  {"exception":"cURL error 28: Operation timed out after 5003 milliseconds with 0 bytes received"} []
[2017-10-06 04:28:34] security.DEBUG: Stored the security token in the session. {"key":"_security_main"} []
[2017-10-06 04:28:35] request.INFO: Matched route "admin_module_catalog_refresh". {"route_parameters":{"category":null,"keyword":null,"_controller":"PrestaShopBundle\\Controller\\Admin\\ModuleController::refreshCatalogAction","_legacy_controller":"AdminModules","_route":"admin_module_catalog_refresh"},"request_uri":"http://faynimaneli2.local:8888/admin1795k6wof/index.php/module/catalog/refresh?_token=Y_8-PqAzGY4JamvkHEicvO-QqZRQJdHhEk88js_wJ-E"} []
[2017-10-06 04:28:35] security.DEBUG: Read existing security token from the session. {"key":"_security_main"} []
[2017-10-06 04:28:36] security.DEBUG: User was reloaded from a user provider. {"username":"maksym.bodnar@gmail.com","provider":"PrestaShopBundle\\Security\\Admin\\EmployeeProvider"} []
[2017-10-06 04:28:41] app.ERROR: Data from PrestaShop Addons is invalid, and cannot fallback on cache.  {"exception":"cURL error 28: Operation timed out after 5002 milliseconds with 0 bytes received"} []
[2017-10-06 04:28:45] security.DEBUG: Stored the security token in the session. {"key":"_security_main"} []
